<?xml version="1.0" encoding="UTF-8"?>
<!-- Generated by org.testng.reporters.JUnitReportReporter -->
<testsuite hostname="NELA-PC" failures="0" tests="4" name="TestAccount" time="21.416" errors="0" timestamp="2021-08-11T10:32:05 CST" skipped="0">
  <testcase classname="TestAccount" name="Test_Login_Unsuccessful" time="5.298"/>
  <testcase classname="TestAccount" name="Test_Login_Successful" time="4.621"/>
  <testcase classname="TestAccount" name="Test_Login_Successful" time="4.931"/>
  <testcase classname="TestAccount" name="Test_Login_Unsuccessful" time="6.566"/>
</testsuite> <!-- TestAccount -->
